<?xml version="1.0" encoding="utf-8"?>
<!DOCTYPE hibernate-configuration PUBLIC
		"-//Hibernate/Hibernate Configuration DTD 3.0//EN"
		"http://www.hibernate.org/dtd/hibernate-configuration-3.0.dtd">

<hibernate-configuration>
	<session-factory>

        <mapping resource="IdentifierSource.hbm.xml"/>

        <mapping resource="AppointmentType.hbm.xml" />
        <mapping resource="AppointmentBlock.hbm.xml"/>
        <mapping resource="PatientAppointment.hbm.xml"/>
        <mapping resource="TimeSlot.hbm.xml"/>
        <mapping resource="AppointmentStatusHistory.hbm.xml"/>

        <mapping resource="ProviderRole.hbm.xml" />
        <mapping resource="Provider.hbm.xml" />
        <mapping resource="ProviderSuggestion.hbm.xml" />
        <mapping resource="SupervisionSuggestion.hbm.xml" />

        <mapping resource="Printer.hbm.xml"/>
        <mapping resource="PrinterModel.hbm.xml"/>

        <mapping resource="RadiologyOrder.hbm.xml"/>

        <mapping resource="HtmlFormEntryHtmlForm.hbm.xml"/>

        <mapping resource="AddressHierarchyEntry.hbm.xml"/>
        <mapping resource="AddressHierarchyLevel.hbm.xml"/>
        <mapping resource="AddressToEntryMap.hbm.xml"/>

        <mapping resource="ImportedItem.hbm.xml"/>
        <mapping resource="ImportedPackage.hbm.xml"/>
        <mapping resource="ExportedPackage.hbm.xml"/>

            <mapping resource="OutboundQueue.hbm.xml" />
        <mapping resource="NamePhonetic.hbm.xml" />

        <mapping resource="ReportDesign.hbm.xml" />
            <mapping resource="ReportRequest.hbm.xml"/>

            <mapping resource="AppFramework.hbm.xml"/>

        <mapping resource="MetadataSource.hbm.xml" />
        <mapping resource="MetadataTermMapping.hbm.xml" />
        <mapping resource="MetadataSet.hbm.xml" />
        <mapping resource="MetadataSetMember.hbm.xml" />

	</session-factory>
</hibernate-configuration>