<?xml version="1.0" encoding="utf-8"?>
<!DOCTYPE hibernate-configuration PUBLIC
		"-//Hibernate/Hibernate Configuration DTD 3.0//EN"
		"http://www.hibernate.org/dtd/hibernate-configuration-3.0.dtd">

<hibernate-configuration>
	<session-factory>

        <mapping resource="IdentifierSource.hbm.xml"/>

        <mapping resource="ExportedPackage.hbm.xml"/>
        <mapping resource="ImportedPackage.hbm.xml"/>
        <mapping resource="ImportedItem.hbm.xml"/>

        <mapping resource="RadiologyOrder.hbm.xml"/>
        <mapping resource="HtmlFormEntryHtmlForm.hbm.xml"/>

        <mapping resource="AddressHierarchyEntry.hbm.xml"/>
        <mapping resource="AddressHierarchyLevel.hbm.xml"/>
        <mapping resource="AddressToEntryMap.hbm.xml"/>

        <mapping resource="MetadataSource.hbm.xml" />
        <mapping resource="MetadataTermMapping.hbm.xml" />
        <mapping resource="MetadataSet.hbm.xml" />
        <mapping resource="MetadataSetMember.hbm.xml" />

        <mapping resource="BedType.hbm.xml"/>
        <mapping resource="BedTag.hbm.xml"/>
        <mapping resource="BedPatientAssignment.hbm.xml"/>
        <mapping resource="BedTagMap.hbm.xml"/>
        <mapping resource="Bed.hbm.xml"/>
        <mapping resource="BedLocationMapping.hbm.xml"/>

	</session-factory>
</hibernate-configuration>
